<?xml version="1.0" encoding="UTF-8"?>
<!-- Generated by org.testng.reporters.JUnitXMLReporter -->
<testsuite hostname="LAPTOP-OCA4BR3C" ignored="0" name="Default test" tests="2" failures="0" timestamp="2022-04-26T17:34:40 IST" time="3.374" errors="0">
  <testcase name="validateResponseBody" time="0.039" classname="com.restapitests.tests.HotelsLookupTests"/>
  <testcase name="validateStatusCodes" time="0.003" classname="com.restapitests.tests.HotelsLookupTests"/>
</testsuite> <!-- Default test -->
