<?xml version="1.0" encoding="UTF-8"?>
<testng-results skipped="0" failed="0" ignored="0" total="18" passed="18">
  <reporter-output>
  </reporter-output>
  <suite name="Backed QA API Tests" duration-ms="8126" started-at="2022-04-26T17:34:57 IST" finished-at="2022-04-26T17:35:06 IST">
    <groups>
    </groups>
    <test name="Regression" duration-ms="8126" started-at="2022-04-26T17:34:57 IST" finished-at="2022-04-26T17:35:06 IST">
      <class name="com.restapitests.tests.FlightsGetFaresCaledarTests">
        <test-method status="PASS" signature="setup()[pri:0, instance:com.restapitests.tests.FlightsGetFaresCaledarTests@4eb7f003]" name="setup" is-config="true" duration-ms="632" started-at="2022-04-26T17:35:04 IST" finished-at="2022-04-26T17:35:04 IST">
          <reporter-output>
          </reporter-output>
        </test-method> <!-- setup -->
        <test-method status="PASS" signature="validateResponseBody()[pri:0, instance:com.restapitests.tests.FlightsGetFaresCaledarTests@4eb7f003]" name="validateResponseBody" duration-ms="4" started-at="2022-04-26T17:35:04 IST" description="Validation of Response body of Get Fares Calendar API" finished-at="2022-04-26T17:35:04 IST">
          <reporter-output>
          </reporter-output>
        </test-method> <!-- validateResponseBody -->
        <test-method status="PASS" signature="validateStatusCodes()[pri:0, instance:com.restapitests.tests.FlightsGetFaresCaledarTests@4eb7f003]" name="validateStatusCodes" duration-ms="3" started-at="2022-04-26T17:35:04 IST" description="Validation of Status codes of Get Fares Calendar API" finished-at="2022-04-26T17:35:04 IST">
          <reporter-output>
          </reporter-output>
        </test-method> <!-- validateStatusCodes -->
        <test-method status="PASS" signature="cleanUp()[pri:0, instance:com.restapitests.tests.FlightsGetFaresCaledarTests@4eb7f003]" name="cleanUp" is-config="true" duration-ms="1" started-at="2022-04-26T17:35:04 IST" finished-at="2022-04-26T17:35:04 IST">
          <reporter-output>
          </reporter-output>
        </test-method> <!-- cleanUp -->
      </class> <!-- com.restapitests.tests.FlightsGetFaresCaledarTests -->
      <class name="com.restapitests.tests.HotelsLookupTests">
        <test-method status="PASS" signature="setup()[pri:0, instance:com.restapitests.tests.HotelsLookupTests@eafc191]" name="setup" is-config="true" duration-ms="1029" started-at="2022-04-26T17:35:04 IST" finished-at="2022-04-26T17:35:06 IST">
          <reporter-output>
          </reporter-output>
        </test-method> <!-- setup -->
        <test-method status="PASS" signature="validateResponseBody()[pri:0, instance:com.restapitests.tests.HotelsLookupTests@eafc191]" name="validateResponseBody" duration-ms="41" started-at="2022-04-26T17:35:06 IST" description="Test case to validate response body" finished-at="2022-04-26T17:35:06 IST">
          <reporter-output>
          </reporter-output>
        </test-method> <!-- validateResponseBody -->
        <test-method status="PASS" signature="validateStatusCodes()[pri:0, instance:com.restapitests.tests.HotelsLookupTests@eafc191]" name="validateStatusCodes" duration-ms="3" started-at="2022-04-26T17:35:06 IST" description="Test case to validate Status codes" finished-at="2022-04-26T17:35:06 IST">
          <reporter-output>
          </reporter-output>
        </test-method> <!-- validateStatusCodes -->
        <test-method status="PASS" signature="cleanUP()[pri:0, instance:com.restapitests.tests.HotelsLookupTests@eafc191]" name="cleanUP" is-config="true" duration-ms="0" started-at="2022-04-26T17:35:06 IST" finished-at="2022-04-26T17:35:06 IST">
          <reporter-output>
          </reporter-output>
        </test-method> <!-- cleanUP -->
      </class> <!-- com.restapitests.tests.HotelsLookupTests -->
      <class name="com.restapitests.tests.FlightsListTests">
        <test-method status="PASS" signature="setup()[pri:0, instance:com.restapitests.tests.FlightsListTests@a38d7a3]" name="setup" is-config="true" duration-ms="1949" started-at="2022-04-26T17:34:58 IST" finished-at="2022-04-26T17:35:00 IST">
          <reporter-output>
          </reporter-output>
        </test-method> <!-- setup -->
        <test-method status="PASS" signature="validateStatusCode()[pri:0, instance:com.restapitests.tests.FlightsListTests@a38d7a3]" name="validateStatusCode" duration-ms="14" started-at="2022-04-26T17:35:00 IST" description="Test case to validate GET response status code " finished-at="2022-04-26T17:35:00 IST">
          <reporter-output>
          </reporter-output>
        </test-method> <!-- validateStatusCode -->
        <test-method status="PASS" signature="validateBaseCurrency()[pri:1, instance:com.restapitests.tests.FlightsListTests@a38d7a3]" name="validateBaseCurrency" duration-ms="579" started-at="2022-04-26T17:35:00 IST" description="Test case to validate Base Currency from GET Response" finished-at="2022-04-26T17:35:00 IST">
          <reporter-output>
          </reporter-output>
        </test-method> <!-- validateBaseCurrency -->
        <test-method status="PASS" signature="validateResponseBody()[pri:2, instance:com.restapitests.tests.FlightsListTests@a38d7a3]" name="validateResponseBody" duration-ms="2" started-at="2022-04-26T17:35:00 IST" description="Test case to validate response body" finished-at="2022-04-26T17:35:00 IST">
          <reporter-output>
          </reporter-output>
        </test-method> <!-- validateResponseBody -->
        <test-method status="PASS" signature="validateNoOfEquivalentCurrencies()[pri:3, instance:com.restapitests.tests.FlightsListTests@a38d7a3]" name="validateNoOfEquivalentCurrencies" duration-ms="96" started-at="2022-04-26T17:35:00 IST" description="Test case to validate Total Number of equivalent currencies" finished-at="2022-04-26T17:35:00 IST">
          <reporter-output>
          </reporter-output>
        </test-method> <!-- validateNoOfEquivalentCurrencies -->
        <test-method status="PASS" signature="validateStatusLine()[pri:4, instance:com.restapitests.tests.FlightsListTests@a38d7a3]" name="validateStatusLine" duration-ms="3" started-at="2022-04-26T17:35:00 IST" description="Test case to verify Status Line Code" finished-at="2022-04-26T17:35:00 IST">
          <reporter-output>
          </reporter-output>
        </test-method> <!-- validateStatusLine -->
        <test-method status="PASS" signature="validateServerName()[pri:5, instance:com.restapitests.tests.FlightsListTests@a38d7a3]" name="validateServerName" duration-ms="2" started-at="2022-04-26T17:35:00 IST" description="Test case to verify Server Name in Header Response" finished-at="2022-04-26T17:35:00 IST">
          <reporter-output>
          </reporter-output>
        </test-method> <!-- validateServerName -->
        <test-method status="PASS" signature="validateResposeTime()[pri:6, instance:com.restapitests.tests.FlightsListTests@a38d7a3]" name="validateResposeTime" duration-ms="17" started-at="2022-04-26T17:35:00 IST" description="Test to validate Response time" finished-at="2022-04-26T17:35:00 IST">
          <reporter-output>
          </reporter-output>
        </test-method> <!-- validateResposeTime -->
        <test-method status="PASS" signature="validateResourceNotFound()[pri:7, instance:com.restapitests.tests.FlightsListTests@a38d7a3]" name="validateResourceNotFound" duration-ms="774" started-at="2022-04-26T17:35:00 IST" description="Test to validate 404 Error code is displayed when resource not found" finished-at="2022-04-26T17:35:01 IST">
          <reporter-output>
          </reporter-output>
        </test-method> <!-- validateResourceNotFound -->
        <test-method status="PASS" signature="cleanUp()[pri:0, instance:com.restapitests.tests.FlightsListTests@a38d7a3]" name="cleanUp" is-config="true" duration-ms="1" started-at="2022-04-26T17:35:01 IST" finished-at="2022-04-26T17:35:01 IST">
          <reporter-output>
          </reporter-output>
        </test-method> <!-- cleanUp -->
      </class> <!-- com.restapitests.tests.FlightsListTests -->
      <class name="com.restapitests.tests.Hotels_SearchTests">
        <test-method status="PASS" signature="setup()[pri:0, instance:com.restapitests.tests.Hotels_SearchTests@87f383f]" name="setup" is-config="true" duration-ms="875" started-at="2022-04-26T17:35:01 IST" finished-at="2022-04-26T17:35:02 IST">
          <reporter-output>
          </reporter-output>
        </test-method> <!-- setup -->
        <test-method status="PASS" signature="validateRequestBody()[pri:0, instance:com.restapitests.tests.Hotels_SearchTests@87f383f]" name="validateRequestBody" duration-ms="6" started-at="2022-04-26T17:35:02 IST" description="Test case to validate request body after POST Call" finished-at="2022-04-26T17:35:02 IST">
          <reporter-output>
          </reporter-output>
        </test-method> <!-- validateRequestBody -->
        <test-method status="PASS" signature="validateStatusCodeandLine()[pri:1, instance:com.restapitests.tests.Hotels_SearchTests@87f383f]" name="validateStatusCodeandLine" duration-ms="6" started-at="2022-04-26T17:35:02 IST" description="Test case to validate Status Code and Status Line" finished-at="2022-04-26T17:35:02 IST">
          <reporter-output>
          </reporter-output>
        </test-method> <!-- validateStatusCodeandLine -->
        <test-method status="PASS" signature="validateHeaderResp()[pri:2, instance:com.restapitests.tests.Hotels_SearchTests@87f383f]" name="validateHeaderResp" duration-ms="3" started-at="2022-04-26T17:35:02 IST" description="Test case to validate Content Type and Server Name" finished-at="2022-04-26T17:35:02 IST">
          <reporter-output>
          </reporter-output>
        </test-method> <!-- validateHeaderResp -->
        <test-method status="PASS" signature="validateWithoutToken()[pri:3, instance:com.restapitests.tests.Hotels_SearchTests@87f383f]" name="validateWithoutToken" duration-ms="840" started-at="2022-04-26T17:35:02 IST" description="Test case to validate error code without token" finished-at="2022-04-26T17:35:03 IST">
          <reporter-output>
          </reporter-output>
        </test-method> <!-- validateWithoutToken -->
        <test-method status="PASS" signature="validateWithInvalidToken()[pri:4, instance:com.restapitests.tests.Hotels_SearchTests@87f383f]" name="validateWithInvalidToken" duration-ms="392" started-at="2022-04-26T17:35:03 IST" description="Test case to validate error code with invalid token" finished-at="2022-04-26T17:35:03 IST">
          <reporter-output>
          </reporter-output>
        </test-method> <!-- validateWithInvalidToken -->
        <test-method status="PASS" signature="validateWithInvalidHeader()[pri:5, instance:com.restapitests.tests.Hotels_SearchTests@87f383f]" name="validateWithInvalidHeader" duration-ms="638" started-at="2022-04-26T17:35:03 IST" description="Test case to validate error code with invalid token" finished-at="2022-04-26T17:35:04 IST">
          <reporter-output>
          </reporter-output>
        </test-method> <!-- validateWithInvalidHeader -->
        <test-method status="PASS" signature="cleanUp()[pri:0, instance:com.restapitests.tests.Hotels_SearchTests@87f383f]" name="cleanUp" is-config="true" duration-ms="2" started-at="2022-04-26T17:35:04 IST" finished-at="2022-04-26T17:35:04 IST">
          <reporter-output>
          </reporter-output>
        </test-method> <!-- cleanUp -->
      </class> <!-- com.restapitests.tests.Hotels_SearchTests -->
    </test> <!-- Regression -->
  </suite> <!-- Backed QA API Tests -->
</testng-results>
