<?xml version="1.0" encoding="UTF-8"?>
<!-- Generated by org.testng.reporters.JUnitXMLReporter -->
<testsuite hostname="LAPTOP-OCA4BR3C" ignored="0" name="Regression" tests="18" failures="0" timestamp="2022-04-26T17:35:06 IST" time="8.126" errors="0">
  <testcase name="validateStatusCode" time="0.014" classname="com.restapitests.tests.FlightsListTests"/>
  <testcase name="validateBaseCurrency" time="0.579" classname="com.restapitests.tests.FlightsListTests"/>
  <testcase name="validateResponseBody" time="0.002" classname="com.restapitests.tests.FlightsListTests"/>
  <testcase name="validateNoOfEquivalentCurrencies" time="0.096" classname="com.restapitests.tests.FlightsListTests"/>
  <testcase name="validateStatusLine" time="0.003" classname="com.restapitests.tests.FlightsListTests"/>
  <testcase name="validateServerName" time="0.002" classname="com.restapitests.tests.FlightsListTests"/>
  <testcase name="validateResposeTime" time="0.017" classname="com.restapitests.tests.FlightsListTests"/>
  <testcase name="validateResourceNotFound" time="0.774" classname="com.restapitests.tests.FlightsListTests"/>
  <testcase name="validateRequestBody" time="0.006" classname="com.restapitests.tests.Hotels_SearchTests"/>
  <testcase name="validateStatusCodeandLine" time="0.006" classname="com.restapitests.tests.Hotels_SearchTests"/>
  <testcase name="validateHeaderResp" time="0.003" classname="com.restapitests.tests.Hotels_SearchTests"/>
  <testcase name="validateWithoutToken" time="0.84" classname="com.restapitests.tests.Hotels_SearchTests"/>
  <testcase name="validateWithInvalidToken" time="0.392" classname="com.restapitests.tests.Hotels_SearchTests"/>
  <testcase name="validateWithInvalidHeader" time="0.638" classname="com.restapitests.tests.Hotels_SearchTests"/>
  <testcase name="validateResponseBody" time="0.004" classname="com.restapitests.tests.FlightsGetFaresCaledarTests"/>
  <testcase name="validateStatusCodes" time="0.003" classname="com.restapitests.tests.FlightsGetFaresCaledarTests"/>
  <testcase name="validateResponseBody" time="0.041" classname="com.restapitests.tests.HotelsLookupTests"/>
  <testcase name="validateStatusCodes" time="0.003" classname="com.restapitests.tests.HotelsLookupTests"/>
</testsuite> <!-- Regression -->
